<?xml version="1.0" encoding="UTF-8"?>
<beans xmlns="http://www.springframework.org/schema/beans"xmlns:xsi="http://www.w3.org/2001/XMLSchema-instance"
    xsi:schemaLocation="http://www.springframework.org/schema/beans http://www.springframework.org/schema/beans/spring-beans-4.0.xsd">

    <import resource="classpath:contexts/CoreProperties.xml" />

    <!-- -->
    <!-- DAOs -->
    <bean id="agreementDAO" class="com.leidos.xchangecore.core.infrastructure.dao.hb.AgreementDAOHibernate">
    </bean>

</beans>