<?xml version="1.0" encoding="UTF-8"?>
<beans xmlns="http://www.springframework.org/schema/beans" xmlns:xsi="http://www.w3.org/2001/XMLSchema-instance"
    xmlns:integration="http://www.springframework.org/schema/integration"
    xsi:schemaLocation="http://www.springframework.org/schema/beans http://www.springframework.org/schema/beans/spring-beans-3.0.xsd">
    
    <!-- -->
    <!-- H2 DATA SOURCE -->
    <!-- -->
    <bean id="dataSource" class="org.springframework.jdbc.datasource.DriverManagerDataSource">
        <property name="driverClassName" value="org.h2.Driver" />
        <property name="url" value="jdbc:h2:mem:test;DB_CLOSE_DELAY=-1;MVCC=true" />
        <property name="username" value="sa" />
        <property name="password" value="" />
    </bean>

    <!-- MS SQL DATA SOURCE
        <bean id="dataSource" class="org.apache.commons.dbcp.BasicDataSource">
        <property name="driverClassName" value="com.microsoft.sqlserver.jdbc.SQLServerDriver" />
        <property name="url" value="jdbc:sqlserver://10.57.2.169:1433;databaseName=LiTest2" />
        <property name="username" value="tester1" />
        <property name="password" value="Heather1" />
        </bean>
    -->

</beans>
