<?xml version="1.0" encoding="UTF-8"?>
<beans xmlns="http://www.springframework.org/schema/beans" xmlns:xsi="http://www.w3.org/2001/XMLSchema-instance"
    xsi:schemaLocation="
        http://www.springframework.org/schema/beans
        http://www.springframework.org/schema/beans/spring-beans-4.0.xsd">

    <import resource="classpath:contexts/CoreProperties.xml" />

    <bean id="ldapUtil" class="com.leidos.xchangecore.core.infrastructure.util.LdapUtil">
        <property name="password">
            <value>SApass.1549</value>
            <!-- 
            <value>${ldap.password}</value>
             -->
        </property>
        <property name="ldapDomain">
            <value>xchangecore</value>
            <!-- 
            <value>${ldap.domain}</value>
             -->
        </property>
    </bean>

</beans>
